<?xml version="1.0" encoding="UTF-8"?>
<!-- Generated by org.testng.reporters.JUnitReportReporter -->
<testsuite hostname="DESKTOP-C5UC5JG" failures="0" tests="1" name="TestCases.TC004_login_with_invalid_credentials" time="11.242" errors="0" timestamp="2024-11-08T13:14:23 IST" skipped="0">
  <testcase classname="TestCases.TC004_login_with_invalid_credentials" name="verify_invalid_credentials" time="11.242"/>
</testsuite> <!-- TestCases.TC004_login_with_invalid_credentials -->
