<?xml version="1.0" encoding="UTF-8"?>
<!-- Generated by org.testng.reporters.JUnitReportReporter -->
<testsuite hostname="DESKTOP-C5UC5JG" failures="0" tests="1" name="TestCases.TC002_Register_User" time="19.625" errors="0" timestamp="2024-11-08T16:29:38 IST" skipped="0">
  <testcase classname="TestCases.TC002_Register_User" name="Verify_register_user" time="19.625"/>
</testsuite> <!-- TestCases.TC002_Register_User -->
