<?xml version="1.0" encoding="UTF-8"?>
<!-- Generated by org.testng.reporters.JUnitReportReporter -->
<testsuite hostname="DESKTOP-C5UC5JG" failures="0" tests="1" name="TestCases.TC006_Register_existing_user" time="11.929" errors="0" timestamp="2024-11-08T13:14:23 IST" skipped="0">
  <testcase classname="TestCases.TC006_Register_existing_user" name="Verify_Existing_user" time="11.929"/>
</testsuite> <!-- TestCases.TC006_Register_existing_user -->
