<?xml version="1.0" encoding="UTF-8"?>
<!-- Generated by org.testng.reporters.JUnitReportReporter -->
<testsuite hostname="DESKTOP-C5UC5JG" failures="0" tests="1" name="TestCases.TC001_VerifyHomePage" time="0.320" errors="0" timestamp="2024-11-08T13:14:23 IST" skipped="0">
  <testcase classname="TestCases.TC001_VerifyHomePage" name="verify_home_page_isDisplayed" time="0.320"/>
</testsuite> <!-- TestCases.TC001_VerifyHomePage -->
