<?xml version="1.0" encoding="UTF-8"?>
<!-- Generated by org.testng.reporters.JUnitReportReporter -->
<testsuite hostname="DESKTOP-C5UC5JG" failures="0" tests="3" name="TestCases.TC008_Register_User_TDD" time="53.731" errors="0" timestamp="2024-11-08T13:14:23 IST" skipped="0">
  <testcase classname="TestCases.TC008_Register_User_TDD" name="Verify_register_user_test_data" time="24.478"/>
  <testcase classname="TestCases.TC008_Register_User_TDD" name="Verify_register_user_test_data" time="13.510"/>
  <testcase classname="TestCases.TC008_Register_User_TDD" name="Verify_register_user_test_data" time="15.743"/>
</testsuite> <!-- TestCases.TC008_Register_User_TDD -->
