<?xml version="1.0" encoding="UTF-8"?>
<!-- Generated by org.testng.reporters.JUnitReportReporter -->
<testsuite hostname="DESKTOP-C5UC5JG" failures="0" tests="1" name="TestCases.TC003_login_with_valid_credentials" time="16.866" errors="0" timestamp="2024-11-08T13:14:23 IST" skipped="0">
  <testcase classname="TestCases.TC003_login_with_valid_credentials" name="verify_valid_credentials" time="16.866"/>
</testsuite> <!-- TestCases.TC003_login_with_valid_credentials -->
